<?xml version="1.0" encoding="UTF-8"?>
<testsuites name="Regression Test Suite 2" time="53.964" tests="3" failures="0" skips="0" errors="0">
   <testsuite name="Regression Test Suite 2" tests="3" failures="0" errors="0" time="53.964" skips="0" timestamp="2020-12-03 14:27:07" hostname="Tsirimanana - D2019Q31GN.corp.aits.mg" id="Test Suites/Regression Test Suite 2">
      <properties>
         <property name="deviceName" value=""/>
         <property name="devicePlatform" value=""/>
         <property name="logFolder" value="D:\\Utilisateurs\\Tsirimanana\\Documents\\Test katalon\\katalon-web-automation\\Reports\\20201203_142704\\Regression Test Suite 2\\20201203_142705"/>
         <property name="logFiles" value="D:\\Utilisateurs\\Tsirimanana\\Documents\\Test katalon\\katalon-web-automation\\Reports\\20201203_142704\\Regression Test Suite 2\\20201203_142705\\execution0.log"/>
         <property name="attachments" value=""/>
         <property name="hostName" value="Tsirimanana - D2019Q31GN.corp.aits.mg"/>
         <property name="os" value="Windows 10 64bit"/>
         <property name="katalonVersion" value="7.8.0.208"/>
         <property name="browser" value="Chrome 86.0.4240.198"/>
         <property name="hostAddress" value="192.168.228.201"/>
         <property name="sessionId" value="0dfee2ad865f605b05f6a2be5905f2cd"/>
         <property name="seleniumVersion" value="3.141.59"/>
         <property name="proxyInformation" value="ProxyInformation { proxyOption=NO_PROXY, proxyServerType=HTTP, username=, password=********, proxyServerAddress=, proxyServerPort=0, executionList=&quot;&quot;, isApplyToDesiredCapabilities=true }"/>
         <property name="platform" value="Windows 10"/>
      </properties>
      <testcase name="Test Cases/How to Handle Windows/Switch To Window Index" time="17.146" classname="Test Cases/How to Handle Windows/Switch To Window Index" status="PASSED">
         <system-out><![CDATA[2020-12-03 14:27:11 - [TEST_CASE][PASSED] - Test Cases/How to Handle Windows/Switch To Window Index: Test Cases/How to Handle Windows/Switch To Window Index

2020-12-03 14:27:11 - [TEST_STEP][PASSED] - openBrowser(URL_WindowHandeling): Browser is opened with url: 'http://the-internet.herokuapp.com/windows'

2020-12-03 14:27:11 - [MESSAGE][INFO] - Starting 'Chrome' driver

2020-12-03 14:27:11 - [MESSAGE][INFO] - Action delay is set to 0 milliseconds

2020-12-03 14:27:18 - [MESSAGE][PASSED] - Browser is opened with url: 'http://the-internet.herokuapp.com/windows'

2020-12-03 14:27:18 - [TEST_STEP][PASSED] - maximizeWindow(): Current window maximized

2020-12-03 14:27:20 - [MESSAGE][PASSED] - Current window maximized

2020-12-03 14:27:20 - [TEST_STEP][PASSED] - click(findTestObject("Windows/Link_Click Here")): Object: 'Object Repository/Windows/Link_Click Here' is clicked on

2020-12-03 14:27:21 - [MESSAGE][PASSED] - Object: 'Object Repository/Windows/Link_Click Here' is clicked on

2020-12-03 14:27:21 - [TEST_STEP][PASSED] - switchToWindowIndex(1): Switched to window with index: '1'

2020-12-03 14:27:21 - [MESSAGE][PASSED] - Switched to window with index: '1'

2020-12-03 14:27:21 - [TEST_STEP][PASSED] - Heading_NewWindow = getText(findTestObject("Windows/Heading_New Window")): Text of object 'Object Repository/Windows/Heading_New Window' is: 'New Window'

2020-12-03 14:27:23 - [MESSAGE][PASSED] - Text of object 'Object Repository/Windows/Heading_New Window' is: 'New Window'

2020-12-03 14:27:23 - [TEST_STEP][PASSED] - verifyEqual(Heading_NewWindow, "New Window"): Actual object 'New Window' and expected object 'New Window' are equal

2020-12-03 14:27:23 - [MESSAGE][PASSED] - Actual object 'New Window' and expected object 'New Window' are equal]]></system-out>
         <system-err><![CDATA[]]></system-err>
      </testcase>
      <testcase name="Test Cases/How to Handle Windows/Switch To Window Title" time="17.064" classname="Test Cases/How to Handle Windows/Switch To Window Title" status="PASSED">
         <system-out><![CDATA[2020-12-03 14:27:28 - [TEST_CASE][PASSED] - Test Cases/How to Handle Windows/Switch To Window Title: Test Cases/How to Handle Windows/Switch To Window Title

2020-12-03 14:27:28 - [TEST_STEP][PASSED] - openBrowser(URL_WindowHandeling): Browser is opened with url: 'http://the-internet.herokuapp.com/windows'

2020-12-03 14:27:28 - [MESSAGE][WARNING] - A browser is already opened. Closing browser and opening a new one

2020-12-03 14:27:29 - [MESSAGE][INFO] - Starting 'Chrome' driver

2020-12-03 14:27:29 - [MESSAGE][INFO] - Action delay is set to 0 milliseconds

2020-12-03 14:27:35 - [MESSAGE][PASSED] - Browser is opened with url: 'http://the-internet.herokuapp.com/windows'

2020-12-03 14:27:35 - [TEST_STEP][PASSED] - maximizeWindow(): Current window maximized

2020-12-03 14:27:37 - [MESSAGE][PASSED] - Current window maximized

2020-12-03 14:27:37 - [TEST_STEP][PASSED] - click(findTestObject("Windows/Link_Click Here")): Object: 'Object Repository/Windows/Link_Click Here' is clicked on

2020-12-03 14:27:38 - [MESSAGE][PASSED] - Object: 'Object Repository/Windows/Link_Click Here' is clicked on

2020-12-03 14:27:38 - [TEST_STEP][PASSED] - switchToWindowTitle("New Window"): Switched to window with title: 'New Window'

2020-12-03 14:27:40 - [MESSAGE][PASSED] - Switched to window with title: 'New Window'

2020-12-03 14:27:40 - [TEST_STEP][PASSED] - Heading_NewWindow = getText(findTestObject("Windows/Heading_New Window")): Text of object 'Object Repository/Windows/Heading_New Window' is: 'New Window'

2020-12-03 14:27:40 - [MESSAGE][PASSED] - Text of object 'Object Repository/Windows/Heading_New Window' is: 'New Window'

2020-12-03 14:27:40 - [TEST_STEP][PASSED] - verifyEqual(Heading_NewWindow, "New Window"): Actual object 'New Window' and expected object 'New Window' are equal

2020-12-03 14:27:40 - [MESSAGE][PASSED] - Actual object 'New Window' and expected object 'New Window' are equal]]></system-out>
         <system-err><![CDATA[]]></system-err>
      </testcase>
      <testcase name="Test Cases/How to Handle Windows/Switch To Window Url" time="16.247" classname="Test Cases/How to Handle Windows/Switch To Window Url" status="PASSED">
         <system-out><![CDATA[2020-12-03 14:27:45 - [TEST_CASE][PASSED] - Test Cases/How to Handle Windows/Switch To Window Url: Test Cases/How to Handle Windows/Switch To Window Url

2020-12-03 14:27:45 - [TEST_STEP][PASSED] - openBrowser(URL_WindowHandeling): Browser is opened with url: 'http://the-internet.herokuapp.com/windows'

2020-12-03 14:27:45 - [MESSAGE][WARNING] - A browser is already opened. Closing browser and opening a new one

2020-12-03 14:27:46 - [MESSAGE][INFO] - Starting 'Chrome' driver

2020-12-03 14:27:46 - [MESSAGE][INFO] - Action delay is set to 0 milliseconds

2020-12-03 14:27:51 - [MESSAGE][PASSED] - Browser is opened with url: 'http://the-internet.herokuapp.com/windows'

2020-12-03 14:27:51 - [TEST_STEP][PASSED] - maximizeWindow(): Current window maximized

2020-12-03 14:27:54 - [MESSAGE][PASSED] - Current window maximized

2020-12-03 14:27:54 - [TEST_STEP][PASSED] - click(findTestObject("Windows/Link_Click Here")): Object: 'Object Repository/Windows/Link_Click Here' is clicked on

2020-12-03 14:27:54 - [MESSAGE][PASSED] - Object: 'Object Repository/Windows/Link_Click Here' is clicked on

2020-12-03 14:27:54 - [TEST_STEP][PASSED] - switchToWindowUrl("http://the-internet.herokuapp.com/windows/new"): Switched to window with url: 'http://the-internet.herokuapp.com/windows/new'

2020-12-03 14:27:56 - [MESSAGE][PASSED] - Switched to window with url: 'http://the-internet.herokuapp.com/windows/new'

2020-12-03 14:27:56 - [TEST_STEP][PASSED] - Heading_NewWindow = getText(findTestObject("Windows/Heading_New Window")): Text of object 'Object Repository/Windows/Heading_New Window' is: 'New Window'

2020-12-03 14:27:56 - [MESSAGE][PASSED] - Text of object 'Object Repository/Windows/Heading_New Window' is: 'New Window'

2020-12-03 14:27:56 - [TEST_STEP][PASSED] - verifyEqual(Heading_NewWindow, "New Window"): Actual object 'New Window' and expected object 'New Window' are equal

2020-12-03 14:27:56 - [MESSAGE][PASSED] - Actual object 'New Window' and expected object 'New Window' are equal]]></system-out>
         <system-err><![CDATA[]]></system-err>
      </testcase>
      <system-out><![CDATA[2020-12-03 14:27:07 - [TEST_SUITE][INCOMPLETE] - Regression Test Suite 2: null]]></system-out>
      <system-err><![CDATA[2020-12-03 14:27:07 - [TEST_SUITE][INCOMPLETE] - Regression Test Suite 2: null]]></system-err>
   </testsuite>
</testsuites>
